{"C:\\Users\\abhishrlnu\\Downloads\\nodejs assignment\\grocery-management\\src\\app.ts": {"path":"C:\\Users\\abhishrlnu\\Downloads\\nodejs assignment\\grocery-management\\src\\app.ts","statementMap":{"0":{"start":{"line":1,"column":0},"end":{"line":1,"column":30}},"1":{"start":{"line":2,"column":0},"end":{"line":2,"column":24}},"2":{"start":{"line":3,"column":0},"end":{"line":3,"column":28}},"3":{"start":{"line":4,"column":0},"end":{"line":4,"column":45}},"4":{"start":{"line":5,"column":0},"end":{"line":5,"column":45}},"5":{"start":{"line":6,"column":0},"end":{"line":6,"column":55}},"6":{"start":{"line":7,"column":0},"end":{"line":7,"column":53}},"7":{"start":{"line":8,"column":0},"end":{"line":8,"column":55}},"8":{"start":{"line":9,"column":0},"end":{"line":9,"column":45}},"9":{"start":{"line":10,"column":0},"end":{"line":10,"column":45}},"10":{"start":{"line":11,"column":0},"end":{"line":11,"column":71}},"11":{"start":{"line":12,"column":0},"end":{"line":12,"column":41}},"12":{"start":{"line":13,"column":0},"end":{"line":13,"column":24}},"13":{"start":{"line":15,"column":0},"end":{"line":15,"column":16}},"14":{"start":{"line":17,"column":23},"end":{"line":17,"column":67}},"15":{"start":{"line":19,"column":12},"end":{"line":19,"column":21}},"16":{"start":{"line":20,"column":0},"end":{"line":29,"column":4}},"17":{"start":{"line":22,"column":8},"end":{"line":26,"column":9}},"18":{"start":{"line":23,"column":12},"end":{"line":23,"column":33}},"19":{"start":{"line":25,"column":12},"end":{"line":25,"column":null}},"20":{"start":{"line":31,"column":0},"end":{"line":31,"column":24}},"21":{"start":{"line":32,"column":0},"end":{"line":32,"column":18}},"22":{"start":{"line":34,"column":0},"end":{"line":34,"column":33}},"23":{"start":{"line":35,"column":0},"end":{"line":35,"column":33}},"24":{"start":{"line":36,"column":0},"end":{"line":36,"column":43}},"25":{"start":{"line":37,"column":0},"end":{"line":37,"column":41}},"26":{"start":{"line":38,"column":0},"end":{"line":38,"column":33}},"27":{"start":{"line":39,"column":0},"end":{"line":39,"column":28}},"28":{"start":{"line":40,"column":0},"end":{"line":40,"column":28}},"29":{"start":{"line":41,"column":0},"end":{"line":41,"column":41}},"30":{"start":{"line":43,"column":0},"end":{"line":43,"column":59}},"31":{"start":{"line":45,"column":0},"end":{"line":45,"column":19}}},"fnMap":{"0":{"name":"(anonymous_1)","decl":{"start":{"line":21,"column":12},"end":{"line":21,"column":13}},"loc":{"start":{"line":21,"column":33},"end":{"line":27,"column":5}}}},"branchMap":{"0":{"loc":{"start":{"line":17,"column":23},"end":{"line":17,"column":67}},"type":"binary-expr","locations":[{"start":{"line":17,"column":23},"end":{"line":17,"column":61}},{"start":{"line":17,"column":65},"end":{"line":17,"column":67}}]},"1":{"loc":{"start":{"line":22,"column":8},"end":{"line":26,"column":9}},"type":"if","locations":[{"start":{"line":22,"column":8},"end":{"line":26,"column":9}},{"start":{"line":24,"column":13},"end":{"line":26,"column":9}}]},"2":{"loc":{"start":{"line":22,"column":11},"end":{"line":22,"column":53}},"type":"binary-expr","locations":[{"start":{"line":22,"column":11},"end":{"line":22,"column":18}},{"start":{"line":22,"column":22},"end":{"line":22,"column":53}}]}},"s":{"0":8,"1":8,"2":8,"3":8,"4":8,"5":8,"6":8,"7":8,"8":8,"9":8,"10":8,"11":8,"12":8,"13":8,"14":8,"15":8,"16":8,"17":32,"18":32,"19":0,"20":8,"21":8,"22":8,"23":8,"24":8,"25":8,"26":8,"27":8,"28":8,"29":8,"30":8,"31":8},"f":{"0":32},"b":{"0":[8,0],"1":[32,0],"2":[32,0]}}
,"C:\\Users\\abhishrlnu\\Downloads\\nodejs assignment\\grocery-management\\src\\swagger.ts": {"path":"C:\\Users\\abhishrlnu\\Downloads\\nodejs assignment\\grocery-management\\src\\swagger.ts","statementMap":{"0":{"start":{"line":38,"column":0},"end":{"line":38,"column":16}},"1":{"start":{"line":1,"column":0},"end":{"line":1,"column":41}},"2":{"start":{"line":2,"column":0},"end":{"line":2,"column":43}},"3":{"start":{"line":5,"column":38},"end":{"line":34,"column":2}},"4":{"start":{"line":36,"column":20},"end":{"line":36,"column":41}},"5":{"start":{"line":39,"column":2},"end":{"line":39,"column":70}}},"fnMap":{"0":{"name":"setupSwagger","decl":{"start":{"line":38,"column":16},"end":{"line":38,"column":28}},"loc":{"start":{"line":38,"column":41},"end":{"line":40,"column":1}}}},"branchMap":{},"s":{"0":8,"1":8,"2":8,"3":8,"4":8,"5":8},"f":{"0":8},"b":{}}
,"C:\\Users\\abhishrlnu\\Downloads\\nodejs assignment\\grocery-management\\src\\controllers\\advancedDashboardController.ts": {"path":"C:\\Users\\abhishrlnu\\Downloads\\nodejs assignment\\grocery-management\\src\\controllers\\advancedDashboardController.ts","statementMap":{"0":{"start":{"line":2,"column":0},"end":{"line":2,"column":46}},"1":{"start":{"line":3,"column":0},"end":{"line":3,"column":46}},"2":{"start":{"line":5,"column":15},"end":{"line":5,"column":33}},"3":{"start":{"line":8,"column":31},"end":{"line":29,"column":1}},"4":{"start":{"line":9,"column":2},"end":{"line":28,"column":3}},"5":{"start":{"line":10,"column":20},"end":{"line":12,"column":6}},"6":{"start":{"line":14,"column":44},"end":{"line":14,"column":46}},"7":{"start":{"line":15,"column":4},"end":{"line":18,"column":7}},"8":{"start":{"line":16,"column":18},"end":{"line":16,"column":67}},"9":{"start":{"line":17,"column":6},"end":{"line":17,"column":58}},"10":{"start":{"line":20,"column":22},"end":{"line":23,"column":7}},"11":{"start":{"line":20,"column":76},"end":{"line":23,"column":6}},"12":{"start":{"line":25,"column":4},"end":{"line":25,"column":57}},"13":{"start":{"line":27,"column":4},"end":{"line":27,"column":83}},"14":{"start":{"line":8,"column":13},"end":{"line":8,"column":31}},"15":{"start":{"line":32,"column":34},"end":{"line":52,"column":1}},"16":{"start":{"line":33,"column":2},"end":{"line":51,"column":3}},"17":{"start":{"line":34,"column":17},"end":{"line":39,"column":6}},"18":{"start":{"line":41,"column":20},"end":{"line":46,"column":36}},"19":{"start":{"line":42,"column":18},"end":{"line":42,"column":39}},"20":{"start":{"line":43,"column":23},"end":{"line":43,"column":90}},"21":{"start":{"line":43,"column":61},"end":{"line":43,"column":81}},"22":{"start":{"line":44,"column":6},"end":{"line":44,"column":44}},"23":{"start":{"line":45,"column":6},"end":{"line":45,"column":17}},"24":{"start":{"line":48,"column":4},"end":{"line":48,"column":45}},"25":{"start":{"line":50,"column":4},"end":{"line":50,"column":86}},"26":{"start":{"line":32,"column":13},"end":{"line":32,"column":34}},"27":{"start":{"line":55,"column":33},"end":{"line":75,"column":1}},"28":{"start":{"line":56,"column":2},"end":{"line":74,"column":3}},"29":{"start":{"line":57,"column":21},"end":{"line":57,"column":83}},"30":{"start":{"line":58,"column":29},"end":{"line":63,"column":6}},"31":{"start":{"line":65,"column":4},"end":{"line":71,"column":7}},"32":{"start":{"line":73,"column":4},"end":{"line":73,"column":74}},"33":{"start":{"line":55,"column":13},"end":{"line":55,"column":33}},"34":{"start":{"line":78,"column":32},"end":{"line":106,"column":1}},"35":{"start":{"line":79,"column":2},"end":{"line":105,"column":3}},"36":{"start":{"line":80,"column":21},"end":{"line":85,"column":6}},"37":{"start":{"line":87,"column":20},"end":{"line":99,"column":null}},"38":{"start":{"line":89,"column":22},"end":{"line":92,"column":10}},"39":{"start":{"line":94,"column":8},"end":{"line":98,"column":10}},"40":{"start":{"line":102,"column":4},"end":{"line":102,"column":45}},"41":{"start":{"line":104,"column":4},"end":{"line":104,"column":82}},"42":{"start":{"line":78,"column":13},"end":{"line":78,"column":32}},"43":{"start":{"line":109,"column":38},"end":{"line":132,"column":1}},"44":{"start":{"line":110,"column":2},"end":{"line":131,"column":3}},"45":{"start":{"line":111,"column":20},"end":{"line":111,"column":54}},"46":{"start":{"line":113,"column":15},"end":{"line":113,"column":16}},"47":{"start":{"line":114,"column":18},"end":{"line":114,"column":19}},"48":{"start":{"line":116,"column":4},"end":{"line":119,"column":7}},"49":{"start":{"line":117,"column":6},"end":{"line":117,"column":35}},"50":{"start":{"line":118,"column":6},"end":{"line":118,"column":45}},"51":{"start":{"line":121,"column":4},"end":{"line":128,"column":7}},"52":{"start":{"line":130,"column":4},"end":{"line":130,"column":82}},"53":{"start":{"line":109,"column":13},"end":{"line":109,"column":38}}},"fnMap":{"0":{"name":"(anonymous_0)","decl":{"start":{"line":8,"column":31},"end":{"line":8,"column":36}},"loc":{"start":{"line":8,"column":69},"end":{"line":29,"column":1}}},"1":{"name":"(anonymous_1)","decl":{"start":{"line":15,"column":20},"end":{"line":15,"column":21}},"loc":{"start":{"line":15,"column":30},"end":{"line":18,"column":5}}},"2":{"name":"(anonymous_2)","decl":{"start":{"line":20,"column":50},"end":{"line":20,"column":51}},"loc":{"start":{"line":20,"column":76},"end":{"line":23,"column":6}}},"3":{"name":"(anonymous_3)","decl":{"start":{"line":32,"column":34},"end":{"line":32,"column":39}},"loc":{"start":{"line":32,"column":72},"end":{"line":52,"column":1}}},"4":{"name":"(anonymous_4)","decl":{"start":{"line":41,"column":32},"end":{"line":41,"column":33}},"loc":{"start":{"line":41,"column":49},"end":{"line":46,"column":5}}},"5":{"name":"(anonymous_5)","decl":{"start":{"line":43,"column":45},"end":{"line":43,"column":46}},"loc":{"start":{"line":43,"column":61},"end":{"line":43,"column":81}}},"6":{"name":"(anonymous_6)","decl":{"start":{"line":55,"column":33},"end":{"line":55,"column":38}},"loc":{"start":{"line":55,"column":71},"end":{"line":75,"column":1}}},"7":{"name":"(anonymous_7)","decl":{"start":{"line":78,"column":32},"end":{"line":78,"column":37}},"loc":{"start":{"line":78,"column":70},"end":{"line":106,"column":1}}},"8":{"name":"(anonymous_8)","decl":{"start":{"line":88,"column":19},"end":{"line":88,"column":24}},"loc":{"start":{"line":88,"column":35},"end":{"line":99,"column":7}}},"9":{"name":"(anonymous_9)","decl":{"start":{"line":109,"column":38},"end":{"line":109,"column":43}},"loc":{"start":{"line":109,"column":76},"end":{"line":132,"column":1}}},"10":{"name":"(anonymous_10)","decl":{"start":{"line":116,"column":20},"end":{"line":116,"column":21}},"loc":{"start":{"line":116,"column":26},"end":{"line":119,"column":5}}}},"branchMap":{"0":{"loc":{"start":{"line":17,"column":22},"end":{"line":17,"column":39}},"type":"binary-expr","locations":[{"start":{"line":17,"column":22},"end":{"line":17,"column":34}},{"start":{"line":17,"column":38},"end":{"line":17,"column":39}}]},"1":{"loc":{"start":{"line":43,"column":23},"end":{"line":43,"column":90}},"type":"binary-expr","locations":[{"start":{"line":43,"column":23},"end":{"line":43,"column":85}},{"start":{"line":43,"column":89},"end":{"line":43,"column":90}}]},"2":{"loc":{"start":{"line":44,"column":18},"end":{"line":44,"column":31}},"type":"binary-expr","locations":[{"start":{"line":44,"column":18},"end":{"line":44,"column":26}},{"start":{"line":44,"column":30},"end":{"line":44,"column":31}}]},"3":{"loc":{"start":{"line":95,"column":21},"end":{"line":95,"column":43}},"type":"binary-expr","locations":[{"start":{"line":95,"column":21},"end":{"line":95,"column":37}},{"start":{"line":95,"column":41},"end":{"line":95,"column":43}}]},"4":{"loc":{"start":{"line":96,"column":23},"end":{"line":96,"column":49}},"type":"binary-expr","locations":[{"start":{"line":96,"column":23},"end":{"line":96,"column":43}},{"start":{"line":96,"column":47},"end":{"line":96,"column":49}}]}},"s":{"0":8,"1":8,"2":8,"3":8,"4":1,"5":1,"6":1,"7":1,"8":6,"9":6,"10":1,"11":6,"12":1,"13":0,"14":8,"15":8,"16":1,"17":1,"18":1,"19":5,"20":5,"21":5,"22":5,"23":5,"24":1,"25":0,"26":8,"27":8,"28":1,"29":1,"30":1,"31":1,"32":0,"33":8,"34":8,"35":1,"36":1,"37":1,"38":5,"39":5,"40":1,"41":0,"42":8,"43":8,"44":1,"45":1,"46":1,"47":1,"48":1,"49":6,"50":6,"51":1,"52":0,"53":8},"f":{"0":1,"1":6,"2":6,"3":1,"4":5,"5":5,"6":1,"7":1,"8":5,"9":1,"10":6},"b":{"0":[6,6],"1":[5,1],"2":[5,5],"3":[5,0],"4":[5,0]}}
,"C:\\Users\\abhishrlnu\\Downloads\\nodejs assignment\\grocery-management\\src\\controllers\\authController.ts": {"path":"C:\\Users\\abhishrlnu\\Downloads\\nodejs assignment\\grocery-management\\src\\controllers\\authController.ts","statementMap":{"0":{"start":{"line":1,"column":0},"end":{"line":1,"column":46}},"1":{"start":{"line":3,"column":0},"end":{"line":3,"column":62}},"2":{"start":{"line":4,"column":0},"end":{"line":4,"column":45}},"3":{"start":{"line":5,"column":0},"end":{"line":5,"column":31}},"4":{"start":{"line":6,"column":0},"end":{"line":6,"column":72}},"5":{"start":{"line":8,"column":15},"end":{"line":8,"column":33}},"6":{"start":{"line":10,"column":22},"end":{"line":39,"column":1}},"7":{"start":{"line":11,"column":2},"end":{"line":38,"column":3}},"8":{"start":{"line":12,"column":29},"end":{"line":12,"column":60}},"9":{"start":{"line":13,"column":4},"end":{"line":17,"column":5}},"10":{"start":{"line":14,"column":6},"end":{"line":16,"column":62}},"11":{"start":{"line":16,"column":48},"end":{"line":16,"column":57}},"12":{"start":{"line":19,"column":70},"end":{"line":19,"column":75}},"13":{"start":{"line":20,"column":19},"end":{"line":20,"column":47}},"14":{"start":{"line":22,"column":17},"end":{"line":31,"column":6}},"15":{"start":{"line":33,"column":18},"end":{"line":33,"column":73}},"16":{"start":{"line":35,"column":4},"end":{"line":35,"column":36}},"17":{"start":{"line":37,"column":4},"end":{"line":37,"column":67}},"18":{"start":{"line":10,"column":13},"end":{"line":10,"column":22}},"19":{"start":{"line":41,"column":21},"end":{"line":62,"column":1}},"20":{"start":{"line":42,"column":2},"end":{"line":61,"column":3}},"21":{"start":{"line":43,"column":29},"end":{"line":43,"column":59}},"22":{"start":{"line":44,"column":4},"end":{"line":48,"column":5}},"23":{"start":{"line":45,"column":6},"end":{"line":47,"column":62}},"24":{"start":{"line":47,"column":48},"end":{"line":47,"column":57}},"25":{"start":{"line":49,"column":35},"end":{"line":49,"column":40}},"26":{"start":{"line":50,"column":22},"end":{"line":50,"column":75}},"27":{"start":{"line":52,"column":4},"end":{"line":54,"column":5}},"28":{"start":{"line":53,"column":6},"end":{"line":53,"column":61}},"29":{"start":{"line":56,"column":18},"end":{"line":56,"column":73}},"30":{"start":{"line":58,"column":4},"end":{"line":58,"column":36}},"31":{"start":{"line":60,"column":4},"end":{"line":60,"column":66}},"32":{"start":{"line":41,"column":13},"end":{"line":41,"column":21}},"33":{"start":{"line":64,"column":23},"end":{"line":81,"column":1}},"34":{"start":{"line":65,"column":21},"end":{"line":65,"column":46}},"35":{"start":{"line":66,"column":16},"end":{"line":66,"column":41}},"36":{"start":{"line":68,"column":2},"end":{"line":78,"column":3}},"37":{"start":{"line":69,"column":25},"end":{"line":69,"column":42}},"38":{"start":{"line":70,"column":19},"end":{"line":70,"column":47}},"39":{"start":{"line":72,"column":4},"end":{"line":77,"column":7}},"40":{"start":{"line":80,"column":2},"end":{"line":80,"column":76}},"41":{"start":{"line":64,"column":13},"end":{"line":64,"column":23}}},"fnMap":{"0":{"name":"(anonymous_1)","decl":{"start":{"line":10,"column":22},"end":{"line":10,"column":27}},"loc":{"start":{"line":10,"column":60},"end":{"line":39,"column":1}}},"1":{"name":"(anonymous_2)","decl":{"start":{"line":16,"column":41},"end":{"line":16,"column":42}},"loc":{"start":{"line":16,"column":48},"end":{"line":16,"column":57}}},"2":{"name":"(anonymous_3)","decl":{"start":{"line":41,"column":21},"end":{"line":41,"column":26}},"loc":{"start":{"line":41,"column":59},"end":{"line":62,"column":1}}},"3":{"name":"(anonymous_4)","decl":{"start":{"line":47,"column":41},"end":{"line":47,"column":42}},"loc":{"start":{"line":47,"column":48},"end":{"line":47,"column":57}}},"4":{"name":"(anonymous_5)","decl":{"start":{"line":64,"column":23},"end":{"line":64,"column":28}},"loc":{"start":{"line":64,"column":61},"end":{"line":81,"column":1}}}},"branchMap":{"0":{"loc":{"start":{"line":13,"column":4},"end":{"line":17,"column":5}},"type":"if","locations":[{"start":{"line":13,"column":4},"end":{"line":17,"column":5}}]},"1":{"loc":{"start":{"line":44,"column":4},"end":{"line":48,"column":5}},"type":"if","locations":[{"start":{"line":44,"column":4},"end":{"line":48,"column":5}}]},"2":{"loc":{"start":{"line":52,"column":4},"end":{"line":54,"column":5}},"type":"if","locations":[{"start":{"line":52,"column":4},"end":{"line":54,"column":5}}]},"3":{"loc":{"start":{"line":52,"column":8},"end":{"line":52,"column":66}},"type":"binary-expr","locations":[{"start":{"line":52,"column":8},"end":{"line":52,"column":13}},{"start":{"line":52,"column":17},"end":{"line":52,"column":66}}]},"4":{"loc":{"start":{"line":68,"column":2},"end":{"line":78,"column":3}},"type":"if","locations":[{"start":{"line":68,"column":2},"end":{"line":78,"column":3}}]}},"s":{"0":8,"1":8,"2":8,"3":8,"4":8,"5":8,"6":8,"7":1,"8":1,"9":1,"10":0,"11":0,"12":1,"13":1,"14":1,"15":0,"16":0,"17":1,"18":8,"19":8,"20":8,"21":8,"22":8,"23":0,"24":0,"25":8,"26":8,"27":8,"28":0,"29":8,"30":8,"31":0,"32":8,"33":8,"34":0,"35":0,"36":0,"37":0,"38":0,"39":0,"40":0,"41":8},"f":{"0":1,"1":0,"2":8,"3":0,"4":0},"b":{"0":[0],"1":[0],"2":[0],"3":[8,8],"4":[0]}}
,"C:\\Users\\abhishrlnu\\Downloads\\nodejs assignment\\grocery-management\\src\\controllers\\blogController.ts": {"path":"C:\\Users\\abhishrlnu\\Downloads\\nodejs assignment\\grocery-management\\src\\controllers\\blogController.ts","statementMap":{"0":{"start":{"line":2,"column":0},"end":{"line":2,"column":46}},"1":{"start":{"line":4,"column":15},"end":{"line":4,"column":33}},"2":{"start":{"line":6,"column":27},"end":{"line":22,"column":1}},"3":{"start":{"line":7,"column":46},"end":{"line":7,"column":55}},"4":{"start":{"line":9,"column":4},"end":{"line":9,"column":69}},"5":{"start":{"line":11,"column":2},"end":{"line":21,"column":3}},"6":{"start":{"line":12,"column":18},"end":{"line":16,"column":6}},"7":{"start":{"line":18,"column":4},"end":{"line":18,"column":66}},"8":{"start":{"line":20,"column":4},"end":{"line":20,"column":75}},"9":{"start":{"line":6,"column":13},"end":{"line":6,"column":27}},"10":{"start":{"line":24,"column":27},"end":{"line":38,"column":1}},"11":{"start":{"line":25,"column":17},"end":{"line":25,"column":30}},"12":{"start":{"line":27,"column":2},"end":{"line":37,"column":3}},"13":{"start":{"line":28,"column":17},"end":{"line":30,"column":6}},"14":{"start":{"line":32,"column":4},"end":{"line":32,"column":65}},"15":{"start":{"line":32,"column":15},"end":{"line":32,"column":65}},"16":{"start":{"line":34,"column":4},"end":{"line":34,"column":64}},"17":{"start":{"line":36,"column":4},"end":{"line":36,"column":74}},"18":{"start":{"line":24,"column":13},"end":{"line":24,"column":27}}},"fnMap":{"0":{"name":"(anonymous_0)","decl":{"start":{"line":6,"column":27},"end":{"line":6,"column":32}},"loc":{"start":{"line":6,"column":65},"end":{"line":22,"column":1}}},"1":{"name":"(anonymous_1)","decl":{"start":{"line":24,"column":27},"end":{"line":24,"column":32}},"loc":{"start":{"line":24,"column":65},"end":{"line":38,"column":1}}}},"branchMap":{"0":{"loc":{"start":{"line":7,"column":10},"end":{"line":7,"column":26}},"type":"default-arg","locations":[{"start":{"line":7,"column":23},"end":{"line":7,"column":26}}]},"1":{"loc":{"start":{"line":7,"column":28},"end":{"line":7,"column":41}},"type":"default-arg","locations":[{"start":{"line":7,"column":37},"end":{"line":7,"column":41}}]},"2":{"loc":{"start":{"line":32,"column":4},"end":{"line":32,"column":65}},"type":"if","locations":[{"start":{"line":32,"column":4},"end":{"line":32,"column":65}}]}},"s":{"0":8,"1":8,"2":8,"3":1,"4":1,"5":1,"6":1,"7":1,"8":0,"9":8,"10":8,"11":1,"12":1,"13":1,"14":1,"15":1,"16":1,"17":1,"18":8},"f":{"0":1,"1":1},"b":{"0":[0],"1":[0],"2":[1]}}
,"C:\\Users\\abhishrlnu\\Downloads\\nodejs assignment\\grocery-management\\src\\controllers\\dashboardController.ts": {"path":"C:\\Users\\abhishrlnu\\Downloads\\nodejs assignment\\grocery-management\\src\\controllers\\dashboardController.ts","statementMap":{"0":{"start":{"line":1,"column":0},"end":{"line":1,"column":46}},"1":{"start":{"line":3,"column":0},"end":{"line":3,"column":46}},"2":{"start":{"line":5,"column":15},"end":{"line":5,"column":33}},"3":{"start":{"line":8,"column":32},"end":{"line":78,"column":1}},"4":{"start":{"line":9,"column":2},"end":{"line":77,"column":3}},"5":{"start":{"line":10,"column":39},"end":{"line":10,"column":74}},"6":{"start":{"line":12,"column":18},"end":{"line":12,"column":28}},"7":{"start":{"line":15,"column":4},"end":{"line":39,"column":5}},"8":{"start":{"line":16,"column":6},"end":{"line":38,"column":7}},"9":{"start":{"line":18,"column":10},"end":{"line":18,"column":52}},"10":{"start":{"line":19,"column":10},"end":{"line":19,"column":16}},"11":{"start":{"line":21,"column":10},"end":{"line":21,"column":54}},"12":{"start":{"line":22,"column":10},"end":{"line":22,"column":40}},"13":{"start":{"line":23,"column":10},"end":{"line":23,"column":16}},"14":{"start":{"line":25,"column":10},"end":{"line":25,"column":56}},"15":{"start":{"line":26,"column":10},"end":{"line":26,"column":40}},"16":{"start":{"line":27,"column":10},"end":{"line":27,"column":16}},"17":{"start":{"line":29,"column":10},"end":{"line":29,"column":56}},"18":{"start":{"line":30,"column":10},"end":{"line":30,"column":40}},"19":{"start":{"line":31,"column":10},"end":{"line":31,"column":16}},"20":{"start":{"line":33,"column":10},"end":{"line":33,"column":56}},"21":{"start":{"line":34,"column":10},"end":{"line":34,"column":40}},"22":{"start":{"line":35,"column":10},"end":{"line":35,"column":16}},"23":{"start":{"line":37,"column":12},"end":{"line":37,"column":71}},"24":{"start":{"line":41,"column":4},"end":{"line":43,"column":5}},"25":{"start":{"line":42,"column":8},"end":{"line":42,"column":90}},"26":{"start":{"line":45,"column":20},"end":{"line":50,"column":6}},"27":{"start":{"line":52,"column":24},"end":{"line":57,"column":6}},"28":{"start":{"line":59,"column":26},"end":{"line":64,"column":6}},"29":{"start":{"line":66,"column":4},"end":{"line":74,"column":7}},"30":{"start":{"line":76,"column":8},"end":{"line":76,"column":88}},"31":{"start":{"line":8,"column":13},"end":{"line":8,"column":32}},"32":{"start":{"line":81,"column":32},"end":{"line":112,"column":1}},"33":{"start":{"line":82,"column":2},"end":{"line":111,"column":3}},"34":{"start":{"line":83,"column":18},"end":{"line":83,"column":47}},"35":{"start":{"line":84,"column":22},"end":{"line":86,"column":6}},"36":{"start":{"line":87,"column":22},"end":{"line":89,"column":6}},"37":{"start":{"line":90,"column":20},"end":{"line":92,"column":6}},"38":{"start":{"line":93,"column":19},"end":{"line":95,"column":6}},"39":{"start":{"line":97,"column":4},"end":{"line":106,"column":7}},"40":{"start":{"line":108,"column":4},"end":{"line":110,"column":71}},"41":{"start":{"line":81,"column":13},"end":{"line":81,"column":32}},"42":{"start":{"line":114,"column":29},"end":{"line":137,"column":1}},"43":{"start":{"line":115,"column":2},"end":{"line":136,"column":3}},"44":{"start":{"line":116,"column":18},"end":{"line":126,"column":6}},"45":{"start":{"line":128,"column":4},"end":{"line":133,"column":7}},"46":{"start":{"line":135,"column":4},"end":{"line":135,"column":75}},"47":{"start":{"line":114,"column":13},"end":{"line":114,"column":29}}},"fnMap":{"0":{"name":"(anonymous_0)","decl":{"start":{"line":8,"column":32},"end":{"line":8,"column":37}},"loc":{"start":{"line":8,"column":70},"end":{"line":78,"column":1}}},"1":{"name":"(anonymous_1)","decl":{"start":{"line":81,"column":32},"end":{"line":81,"column":37}},"loc":{"start":{"line":81,"column":70},"end":{"line":112,"column":1}}},"2":{"name":"(anonymous_2)","decl":{"start":{"line":114,"column":29},"end":{"line":114,"column":34}},"loc":{"start":{"line":114,"column":67},"end":{"line":137,"column":1}}}},"branchMap":{"0":{"loc":{"start":{"line":15,"column":4},"end":{"line":39,"column":5}},"type":"if","locations":[{"start":{"line":15,"column":4},"end":{"line":39,"column":5}}]},"1":{"loc":{"start":{"line":15,"column":8},"end":{"line":15,"column":38}},"type":"binary-expr","locations":[{"start":{"line":15,"column":8},"end":{"line":15,"column":18}},{"start":{"line":15,"column":22},"end":{"line":15,"column":30}},{"start":{"line":15,"column":34},"end":{"line":15,"column":38}}]},"2":{"loc":{"start":{"line":16,"column":6},"end":{"line":38,"column":7}},"type":"switch","locations":[{"start":{"line":17,"column":8},"end":{"line":19,"column":16}},{"start":{"line":20,"column":8},"end":{"line":23,"column":16}},{"start":{"line":24,"column":8},"end":{"line":27,"column":16}},{"start":{"line":28,"column":8},"end":{"line":31,"column":16}},{"start":{"line":32,"column":8},"end":{"line":35,"column":16}},{"start":{"line":36,"column":8},"end":{"line":37,"column":71}}]},"3":{"loc":{"start":{"line":41,"column":4},"end":{"line":43,"column":5}},"type":"if","locations":[{"start":{"line":41,"column":4},"end":{"line":43,"column":5}}]},"4":{"loc":{"start":{"line":41,"column":8},"end":{"line":41,"column":30}},"type":"binary-expr","locations":[{"start":{"line":41,"column":8},"end":{"line":41,"column":18}},{"start":{"line":41,"column":22},"end":{"line":41,"column":30}}]}},"s":{"0":8,"1":8,"2":8,"3":8,"4":1,"5":1,"6":1,"7":1,"8":0,"9":0,"10":0,"11":0,"12":0,"13":0,"14":0,"15":0,"16":0,"17":0,"18":0,"19":0,"20":0,"21":0,"22":0,"23":0,"24":1,"25":0,"26":1,"27":1,"28":1,"29":1,"30":0,"31":8,"32":8,"33":1,"34":1,"35":1,"36":1,"37":1,"38":1,"39":1,"40":0,"41":8,"42":8,"43":1,"44":1,"45":1,"46":0,"47":8},"f":{"0":1,"1":1,"2":1},"b":{"0":[0],"1":[1,0,0],"2":[0,0,0,0,0,0],"3":[0],"4":[1,1]}}
,"C:\\Users\\abhishrlnu\\Downloads\\nodejs assignment\\grocery-management\\src\\controllers\\inventoryController.ts": {"path":"C:\\Users\\abhishrlnu\\Downloads\\nodejs assignment\\grocery-management\\src\\controllers\\inventoryController.ts","statementMap":{"0":{"start":{"line":2,"column":0},"end":{"line":2,"column":46}},"1":{"start":{"line":3,"column":0},"end":{"line":3,"column":61}},"2":{"start":{"line":4,"column":0},"end":{"line":4,"column":66}},"3":{"start":{"line":6,"column":15},"end":{"line":6,"column":33}},"4":{"start":{"line":8,"column":24},"end":{"line":45,"column":1}},"5":{"start":{"line":9,"column":2},"end":{"line":44,"column":3}},"6":{"start":{"line":10,"column":29},"end":{"line":10,"column":62}},"7":{"start":{"line":11,"column":4},"end":{"line":13,"column":5}},"8":{"start":{"line":12,"column":6},"end":{"line":12,"column":75}},"9":{"start":{"line":12,"column":61},"end":{"line":12,"column":70}},"10":{"start":{"line":15,"column":6},"end":{"line":15,"column":11}},"11":{"start":{"line":18,"column":18},"end":{"line":27,"column":6}},"12":{"start":{"line":30,"column":4},"end":{"line":39,"column":7}},"13":{"start":{"line":41,"column":4},"end":{"line":41,"column":66}},"14":{"start":{"line":43,"column":4},"end":{"line":43,"column":73}},"15":{"start":{"line":8,"column":13},"end":{"line":8,"column":24}},"16":{"start":{"line":47,"column":31},"end":{"line":79,"column":1}},"17":{"start":{"line":48,"column":2},"end":{"line":78,"column":3}},"18":{"start":{"line":49,"column":23},"end":{"line":49,"column":68}},"19":{"start":{"line":50,"column":19},"end":{"line":50,"column":61}},"20":{"start":{"line":52,"column":25},"end":{"line":63,"column":6}},"21":{"start":{"line":65,"column":4},"end":{"line":72,"column":7}},"22":{"start":{"line":74,"column":4},"end":{"line":77,"column":7}},"23":{"start":{"line":47,"column":13},"end":{"line":47,"column":31}},"24":{"start":{"line":81,"column":35},"end":{"line":103,"column":1}},"25":{"start":{"line":82,"column":2},"end":{"line":102,"column":3}},"26":{"start":{"line":83,"column":18},"end":{"line":83,"column":49}},"27":{"start":{"line":84,"column":16},"end":{"line":84,"column":75}},"28":{"start":{"line":85,"column":16},"end":{"line":87,"column":6}},"29":{"start":{"line":89,"column":4},"end":{"line":96,"column":7}},"30":{"start":{"line":98,"column":4},"end":{"line":101,"column":7}},"31":{"start":{"line":81,"column":13},"end":{"line":81,"column":35}},"32":{"start":{"line":105,"column":29},"end":{"line":146,"column":1}},"33":{"start":{"line":106,"column":16},"end":{"line":106,"column":52}},"34":{"start":{"line":108,"column":2},"end":{"line":145,"column":3}},"35":{"start":{"line":109,"column":20},"end":{"line":111,"column":6}},"36":{"start":{"line":113,"column":44},"end":{"line":113,"column":46}},"37":{"start":{"line":115,"column":4},"end":{"line":135,"column":5}},"38":{"start":{"line":116,"column":16},"end":{"line":116,"column":18}},"39":{"start":{"line":118,"column":6},"end":{"line":132,"column":7}},"40":{"start":{"line":120,"column":10},"end":{"line":123,"column":12}},"41":{"start":{"line":124,"column":10},"end":{"line":124,"column":16}},"42":{"start":{"line":126,"column":10},"end":{"line":126,"column":65}},"43":{"start":{"line":127,"column":10},"end":{"line":127,"column":16}},"44":{"start":{"line":130,"column":10},"end":{"line":130,"column":54}},"45":{"start":{"line":131,"column":10},"end":{"line":131,"column":16}},"46":{"start":{"line":134,"column":6},"end":{"line":134,"column":58}},"47":{"start":{"line":137,"column":4},"end":{"line":142,"column":7}},"48":{"start":{"line":144,"column":4},"end":{"line":144,"column":80}},"49":{"start":{"line":105,"column":13},"end":{"line":105,"column":29}},"50":{"start":{"line":148,"column":27},"end":{"line":174,"column":1}},"51":{"start":{"line":149,"column":2},"end":{"line":173,"column":3}},"52":{"start":{"line":150,"column":26},"end":{"line":160,"column":6}},"53":{"start":{"line":162,"column":4},"end":{"line":167,"column":7}},"54":{"start":{"line":169,"column":4},"end":{"line":172,"column":7}},"55":{"start":{"line":148,"column":13},"end":{"line":148,"column":27}}},"fnMap":{"0":{"name":"(anonymous_0)","decl":{"start":{"line":8,"column":24},"end":{"line":8,"column":29}},"loc":{"start":{"line":8,"column":62},"end":{"line":45,"column":1}}},"1":{"name":"(anonymous_1)","decl":{"start":{"line":12,"column":54},"end":{"line":12,"column":55}},"loc":{"start":{"line":12,"column":61},"end":{"line":12,"column":70}}},"2":{"name":"(anonymous_2)","decl":{"start":{"line":47,"column":31},"end":{"line":47,"column":36}},"loc":{"start":{"line":47,"column":69},"end":{"line":79,"column":1}}},"3":{"name":"(anonymous_3)","decl":{"start":{"line":81,"column":35},"end":{"line":81,"column":40}},"loc":{"start":{"line":81,"column":73},"end":{"line":103,"column":1}}},"4":{"name":"(anonymous_4)","decl":{"start":{"line":105,"column":29},"end":{"line":105,"column":34}},"loc":{"start":{"line":105,"column":67},"end":{"line":146,"column":1}}},"5":{"name":"(anonymous_5)","decl":{"start":{"line":148,"column":27},"end":{"line":148,"column":32}},"loc":{"start":{"line":148,"column":65},"end":{"line":174,"column":1}}}},"branchMap":{"0":{"loc":{"start":{"line":11,"column":4},"end":{"line":13,"column":5}},"type":"if","locations":[{"start":{"line":11,"column":4},"end":{"line":13,"column":5}}]},"1":{"loc":{"start":{"line":49,"column":23},"end":{"line":49,"column":68}},"type":"binary-expr","locations":[{"start":{"line":49,"column":23},"end":{"line":49,"column":63}},{"start":{"line":49,"column":67},"end":{"line":49,"column":68}}]},"2":{"loc":{"start":{"line":50,"column":19},"end":{"line":50,"column":61}},"type":"binary-expr","locations":[{"start":{"line":50,"column":19},"end":{"line":50,"column":55}},{"start":{"line":50,"column":59},"end":{"line":50,"column":61}}]},"3":{"loc":{"start":{"line":106,"column":16},"end":{"line":106,"column":52}},"type":"binary-expr","locations":[{"start":{"line":106,"column":16},"end":{"line":106,"column":41}},{"start":{"line":106,"column":45},"end":{"line":106,"column":52}}]},"4":{"loc":{"start":{"line":118,"column":6},"end":{"line":132,"column":7}},"type":"switch","locations":[{"start":{"line":119,"column":8},"end":{"line":124,"column":16}},{"start":{"line":125,"column":8},"end":{"line":127,"column":16}},{"start":{"line":128,"column":8},"end":{"line":128,"column":21}},{"start":{"line":129,"column":8},"end":{"line":131,"column":16}}]},"5":{"loc":{"start":{"line":134,"column":22},"end":{"line":134,"column":39}},"type":"binary-expr","locations":[{"start":{"line":134,"column":22},"end":{"line":134,"column":34}},{"start":{"line":134,"column":38},"end":{"line":134,"column":39}}]}},"s":{"0":8,"1":8,"2":8,"3":8,"4":8,"5":1,"6":1,"7":1,"8":1,"9":1,"10":1,"11":1,"12":0,"13":0,"14":1,"15":8,"16":8,"17":1,"18":1,"19":1,"20":1,"21":1,"22":0,"23":8,"24":8,"25":1,"26":1,"27":1,"28":1,"29":1,"30":0,"31":8,"32":8,"33":1,"34":1,"35":1,"36":1,"37":1,"38":6,"39":6,"40":0,"41":0,"42":0,"43":0,"44":6,"45":6,"46":6,"47":1,"48":0,"49":8,"50":8,"51":1,"52":1,"53":1,"54":0,"55":8},"f":{"0":1,"1":1,"2":1,"3":1,"4":1,"5":1},"b":{"0":[1],"1":[1,0],"2":[1,0],"3":[1,0],"4":[0,0,6,6],"5":[6,6]}}
,"C:\\Users\\abhishrlnu\\Downloads\\nodejs assignment\\grocery-management\\src\\controllers\\shipmentController.ts": {"path":"C:\\Users\\abhishrlnu\\Downloads\\nodejs assignment\\grocery-management\\src\\controllers\\shipmentController.ts","statementMap":{"0":{"start":{"line":2,"column":0},"end":{"line":2,"column":46}},"1":{"start":{"line":4,"column":15},"end":{"line":4,"column":33}},"2":{"start":{"line":6,"column":34},"end":{"line":44,"column":1}},"3":{"start":{"line":7,"column":59},"end":{"line":7,"column":68}},"4":{"start":{"line":9,"column":15},"end":{"line":9,"column":45}},"5":{"start":{"line":10,"column":16},"end":{"line":10,"column":42}},"6":{"start":{"line":11,"column":15},"end":{"line":11,"column":33}},"7":{"start":{"line":13,"column":2},"end":{"line":43,"column":3}},"8":{"start":{"line":14,"column":25},"end":{"line":22,"column":6}},"9":{"start":{"line":24,"column":22},"end":{"line":38,"column":7}},"10":{"start":{"line":24,"column":45},"end":{"line":38,"column":6}},"11":{"start":{"line":40,"column":4},"end":{"line":40,"column":73}},"12":{"start":{"line":42,"column":4},"end":{"line":42,"column":86}},"13":{"start":{"line":6,"column":13},"end":{"line":6,"column":34}}},"fnMap":{"0":{"name":"(anonymous_0)","decl":{"start":{"line":6,"column":34},"end":{"line":6,"column":39}},"loc":{"start":{"line":6,"column":72},"end":{"line":44,"column":1}}},"1":{"name":"(anonymous_1)","decl":{"start":{"line":24,"column":39},"end":{"line":24,"column":40}},"loc":{"start":{"line":24,"column":45},"end":{"line":38,"column":6}}}},"branchMap":{"0":{"loc":{"start":{"line":7,"column":10},"end":{"line":7,"column":26}},"type":"default-arg","locations":[{"start":{"line":7,"column":23},"end":{"line":7,"column":26}}]},"1":{"loc":{"start":{"line":7,"column":28},"end":{"line":7,"column":41}},"type":"default-arg","locations":[{"start":{"line":7,"column":37},"end":{"line":7,"column":41}}]},"2":{"loc":{"start":{"line":7,"column":43},"end":{"line":7,"column":54}},"type":"default-arg","locations":[{"start":{"line":7,"column":52},"end":{"line":7,"column":54}}]},"3":{"loc":{"start":{"line":15,"column":13},"end":{"line":15,"column":70}},"type":"cond-expr","locations":[{"start":{"line":15,"column":22},"end":{"line":15,"column":58}},{"start":{"line":15,"column":61},"end":{"line":15,"column":70}}]}},"s":{"0":8,"1":8,"2":8,"3":1,"4":1,"5":1,"6":1,"7":1,"8":1,"9":1,"10":5,"11":1,"12":0,"13":8},"f":{"0":1,"1":5},"b":{"0":[0],"1":[0],"2":[1],"3":[0,1]}}
,"C:\\Users\\abhishrlnu\\Downloads\\nodejs assignment\\grocery-management\\src\\controllers\\taskController.ts": {"path":"C:\\Users\\abhishrlnu\\Downloads\\nodejs assignment\\grocery-management\\src\\controllers\\taskController.ts","statementMap":{"0":{"start":{"line":2,"column":0},"end":{"line":2,"column":46}},"1":{"start":{"line":4,"column":0},"end":{"line":4,"column":57}},"2":{"start":{"line":6,"column":15},"end":{"line":6,"column":33}},"3":{"start":{"line":8,"column":26},"end":{"line":48,"column":1}},"4":{"start":{"line":9,"column":2},"end":{"line":47,"column":3}},"5":{"start":{"line":10,"column":29},"end":{"line":10,"column":58}},"6":{"start":{"line":11,"column":4},"end":{"line":13,"column":5}},"7":{"start":{"line":12,"column":6},"end":{"line":12,"column":75}},"8":{"start":{"line":12,"column":61},"end":{"line":12,"column":70}},"9":{"start":{"line":21,"column":8},"end":{"line":21,"column":13}},"10":{"start":{"line":23,"column":17},"end":{"line":33,"column":6}},"11":{"start":{"line":35,"column":4},"end":{"line":41,"column":7}},"12":{"start":{"line":43,"column":4},"end":{"line":46,"column":7}},"13":{"start":{"line":8,"column":13},"end":{"line":8,"column":26}}},"fnMap":{"0":{"name":"(anonymous_0)","decl":{"start":{"line":8,"column":26},"end":{"line":8,"column":31}},"loc":{"start":{"line":8,"column":77},"end":{"line":48,"column":1}}},"1":{"name":"(anonymous_1)","decl":{"start":{"line":12,"column":54},"end":{"line":12,"column":55}},"loc":{"start":{"line":12,"column":61},"end":{"line":12,"column":70}}}},"branchMap":{"0":{"loc":{"start":{"line":11,"column":4},"end":{"line":13,"column":5}},"type":"if","locations":[{"start":{"line":11,"column":4},"end":{"line":13,"column":5}}]}},"s":{"0":8,"1":8,"2":8,"3":8,"4":1,"5":1,"6":1,"7":0,"8":0,"9":1,"10":1,"11":1,"12":0,"13":8},"f":{"0":1,"1":0},"b":{"0":[0]}}
,"C:\\Users\\abhishrlnu\\Downloads\\nodejs assignment\\grocery-management\\src\\controllers\\userController.ts": {"path":"C:\\Users\\abhishrlnu\\Downloads\\nodejs assignment\\grocery-management\\src\\controllers\\userController.ts","statementMap":{"0":{"start":{"line":2,"column":0},"end":{"line":2,"column":46}},"1":{"start":{"line":5,"column":15},"end":{"line":5,"column":33}},"2":{"start":{"line":7,"column":26},"end":{"line":31,"column":1}},"3":{"start":{"line":8,"column":2},"end":{"line":30,"column":3}},"4":{"start":{"line":9,"column":17},"end":{"line":19,"column":6}},"5":{"start":{"line":21,"column":4},"end":{"line":21,"column":67}},"6":{"start":{"line":21,"column":15},"end":{"line":21,"column":67}},"7":{"start":{"line":23,"column":4},"end":{"line":27,"column":7}},"8":{"start":{"line":29,"column":4},"end":{"line":29,"column":76}},"9":{"start":{"line":7,"column":13},"end":{"line":7,"column":26}}},"fnMap":{"0":{"name":"(anonymous_0)","decl":{"start":{"line":7,"column":26},"end":{"line":7,"column":31}},"loc":{"start":{"line":7,"column":77},"end":{"line":31,"column":1}}}},"branchMap":{"0":{"loc":{"start":{"line":21,"column":4},"end":{"line":21,"column":67}},"type":"if","locations":[{"start":{"line":21,"column":4},"end":{"line":21,"column":67}}]}},"s":{"0":8,"1":8,"2":8,"3":1,"4":1,"5":1,"6":0,"7":1,"8":0,"9":8},"f":{"0":1},"b":{"0":[0]}}
,"C:\\Users\\abhishrlnu\\Downloads\\nodejs assignment\\grocery-management\\src\\middlewares\\authMiddleware.ts": {"path":"C:\\Users\\abhishrlnu\\Downloads\\nodejs assignment\\grocery-management\\src\\middlewares\\authMiddleware.ts","statementMap":{"0":{"start":{"line":2,"column":0},"end":{"line":2,"column":46}},"1":{"start":{"line":3,"column":0},"end":{"line":3,"column":43}},"2":{"start":{"line":5,"column":15},"end":{"line":5,"column":33}},"3":{"start":{"line":10,"column":31},"end":{"line":29,"column":1}},"4":{"start":{"line":11,"column":25},"end":{"line":11,"column":50}},"5":{"start":{"line":13,"column":2},"end":{"line":15,"column":3}},"6":{"start":{"line":14,"column":4},"end":{"line":14,"column":57}},"7":{"start":{"line":17,"column":16},"end":{"line":17,"column":40}},"8":{"start":{"line":19,"column":22},"end":{"line":19,"column":84}},"9":{"start":{"line":20,"column":2},"end":{"line":20,"column":81}},"10":{"start":{"line":20,"column":19},"end":{"line":20,"column":81}},"11":{"start":{"line":22,"column":2},"end":{"line":28,"column":3}},"12":{"start":{"line":23,"column":20},"end":{"line":23,"column":38}},"13":{"start":{"line":24,"column":4},"end":{"line":24,"column":23}},"14":{"start":{"line":25,"column":4},"end":{"line":25,"column":11}},"15":{"start":{"line":27,"column":4},"end":{"line":27,"column":64}},"16":{"start":{"line":10,"column":13},"end":{"line":10,"column":31}}},"fnMap":{"0":{"name":"(anonymous_0)","decl":{"start":{"line":10,"column":31},"end":{"line":10,"column":36}},"loc":{"start":{"line":10,"column":101},"end":{"line":29,"column":1}}}},"branchMap":{"0":{"loc":{"start":{"line":13,"column":2},"end":{"line":15,"column":3}},"type":"if","locations":[{"start":{"line":13,"column":2},"end":{"line":15,"column":3}}]},"1":{"loc":{"start":{"line":13,"column":6},"end":{"line":13,"column":54}},"type":"binary-expr","locations":[{"start":{"line":13,"column":6},"end":{"line":13,"column":17}},{"start":{"line":13,"column":21},"end":{"line":13,"column":54}}]},"2":{"loc":{"start":{"line":20,"column":2},"end":{"line":20,"column":81}},"type":"if","locations":[{"start":{"line":20,"column":2},"end":{"line":20,"column":81}}]}},"s":{"0":8,"1":8,"2":8,"3":8,"4":23,"5":23,"6":4,"7":23,"8":20,"9":19,"10":0,"11":19,"12":19,"13":18,"14":18,"15":1,"16":8},"f":{"0":23},"b":{"0":[4],"1":[23,20],"2":[0]}}
,"C:\\Users\\abhishrlnu\\Downloads\\nodejs assignment\\grocery-management\\src\\routes\\advancedDashboardRoutes.ts": {"path":"C:\\Users\\abhishrlnu\\Downloads\\nodejs assignment\\grocery-management\\src\\routes\\advancedDashboardRoutes.ts","statementMap":{"0":{"start":{"line":1,"column":0},"end":{"line":1,"column":33}},"1":{"start":{"line":2,"column":0},"end":{"line":2,"column":64}},"2":{"start":{"line":3,"column":0},"end":{"line":3,"column":null}},"3":{"start":{"line":11,"column":15},"end":{"line":11,"column":23}},"4":{"start":{"line":32,"column":0},"end":{"line":32,"column":83}},"5":{"start":{"line":46,"column":0},"end":{"line":46,"column":89}},"6":{"start":{"line":60,"column":0},"end":{"line":60,"column":68}},"7":{"start":{"line":74,"column":0},"end":{"line":74,"column":76}},"8":{"start":{"line":88,"column":0},"end":{"line":88,"column":77}},"9":{"start":{"line":90,"column":0},"end":{"line":90,"column":22}}},"fnMap":{},"branchMap":{},"s":{"0":8,"1":8,"2":8,"3":8,"4":8,"5":8,"6":8,"7":8,"8":8,"9":8},"f":{},"b":{}}
,"C:\\Users\\abhishrlnu\\Downloads\\nodejs assignment\\grocery-management\\src\\routes\\authRoutes.ts": {"path":"C:\\Users\\abhishrlnu\\Downloads\\nodejs assignment\\grocery-management\\src\\routes\\authRoutes.ts","statementMap":{"0":{"start":{"line":1,"column":0},"end":{"line":1,"column":33}},"1":{"start":{"line":2,"column":0},"end":{"line":2,"column":71}},"2":{"start":{"line":4,"column":15},"end":{"line":4,"column":23}},"3":{"start":{"line":47,"column":0},"end":{"line":47,"column":31}},"4":{"start":{"line":73,"column":0},"end":{"line":73,"column":30}},"5":{"start":{"line":87,"column":0},"end":{"line":87,"column":33}},"6":{"start":{"line":89,"column":0},"end":{"line":89,"column":22}}},"fnMap":{},"branchMap":{},"s":{"0":8,"1":8,"2":8,"3":8,"4":8,"5":8,"6":8},"f":{},"b":{}}
,"C:\\Users\\abhishrlnu\\Downloads\\nodejs assignment\\grocery-management\\src\\routes\\blogRoutes.ts": {"path":"C:\\Users\\abhishrlnu\\Downloads\\nodejs assignment\\grocery-management\\src\\routes\\blogRoutes.ts","statementMap":{"0":{"start":{"line":1,"column":0},"end":{"line":1,"column":33}},"1":{"start":{"line":2,"column":0},"end":{"line":2,"column":64}},"2":{"start":{"line":3,"column":0},"end":{"line":3,"column":73}},"3":{"start":{"line":5,"column":15},"end":{"line":5,"column":23}},"4":{"start":{"line":39,"column":0},"end":{"line":39,"column":55}},"5":{"start":{"line":62,"column":0},"end":{"line":62,"column":54}},"6":{"start":{"line":64,"column":0},"end":{"line":64,"column":22}}},"fnMap":{},"branchMap":{},"s":{"0":8,"1":8,"2":8,"3":8,"4":8,"5":8,"6":8},"f":{},"b":{}}
,"C:\\Users\\abhishrlnu\\Downloads\\nodejs assignment\\grocery-management\\src\\routes\\dashboardRoutes.ts": {"path":"C:\\Users\\abhishrlnu\\Downloads\\nodejs assignment\\grocery-management\\src\\routes\\dashboardRoutes.ts","statementMap":{"0":{"start":{"line":1,"column":0},"end":{"line":1,"column":33}},"1":{"start":{"line":2,"column":0},"end":{"line":2,"column":64}},"2":{"start":{"line":3,"column":0},"end":{"line":3,"column":null}},"3":{"start":{"line":9,"column":15},"end":{"line":9,"column":23}},"4":{"start":{"line":46,"column":0},"end":{"line":46,"column":57}},"5":{"start":{"line":60,"column":0},"end":{"line":60,"column":59}},"6":{"start":{"line":74,"column":0},"end":{"line":74,"column":53}},"7":{"start":{"line":76,"column":0},"end":{"line":76,"column":22}}},"fnMap":{},"branchMap":{},"s":{"0":8,"1":8,"2":8,"3":8,"4":8,"5":8,"6":8,"7":8},"f":{},"b":{}}
,"C:\\Users\\abhishrlnu\\Downloads\\nodejs assignment\\grocery-management\\src\\routes\\inventoryRoutes.ts": {"path":"C:\\Users\\abhishrlnu\\Downloads\\nodejs assignment\\grocery-management\\src\\routes\\inventoryRoutes.ts","statementMap":{"0":{"start":{"line":1,"column":0},"end":{"line":1,"column":33}},"1":{"start":{"line":2,"column":0},"end":{"line":2,"column":64}},"2":{"start":{"line":3,"column":0},"end":{"line":3,"column":null}},"3":{"start":{"line":11,"column":15},"end":{"line":11,"column":23}},"4":{"start":{"line":60,"column":0},"end":{"line":60,"column":53}},"5":{"start":{"line":90,"column":0},"end":{"line":90,"column":62}},"6":{"start":{"line":104,"column":0},"end":{"line":104,"column":71}},"7":{"start":{"line":125,"column":0},"end":{"line":125,"column":64}},"8":{"start":{"line":139,"column":0},"end":{"line":139,"column":64}},"9":{"start":{"line":141,"column":0},"end":{"line":141,"column":22}}},"fnMap":{},"branchMap":{},"s":{"0":8,"1":8,"2":8,"3":8,"4":8,"5":8,"6":8,"7":8,"8":8,"9":8},"f":{},"b":{}}
,"C:\\Users\\abhishrlnu\\Downloads\\nodejs assignment\\grocery-management\\src\\routes\\shipmentRoutes.ts": {"path":"C:\\Users\\abhishrlnu\\Downloads\\nodejs assignment\\grocery-management\\src\\routes\\shipmentRoutes.ts","statementMap":{"0":{"start":{"line":1,"column":0},"end":{"line":1,"column":33}},"1":{"start":{"line":2,"column":0},"end":{"line":2,"column":64}},"2":{"start":{"line":3,"column":0},"end":{"line":3,"column":71}},"3":{"start":{"line":5,"column":15},"end":{"line":5,"column":23}},"4":{"start":{"line":46,"column":0},"end":{"line":46,"column":68}},"5":{"start":{"line":48,"column":0},"end":{"line":48,"column":22}}},"fnMap":{},"branchMap":{},"s":{"0":8,"1":8,"2":8,"3":8,"4":8,"5":8},"f":{},"b":{}}
,"C:\\Users\\abhishrlnu\\Downloads\\nodejs assignment\\grocery-management\\src\\routes\\taskRoutes.ts": {"path":"C:\\Users\\abhishrlnu\\Downloads\\nodejs assignment\\grocery-management\\src\\routes\\taskRoutes.ts","statementMap":{"0":{"start":{"line":1,"column":0},"end":{"line":1,"column":33}},"1":{"start":{"line":2,"column":0},"end":{"line":2,"column":64}},"2":{"start":{"line":3,"column":0},"end":{"line":3,"column":59}},"3":{"start":{"line":5,"column":15},"end":{"line":5,"column":23}},"4":{"start":{"line":55,"column":0},"end":{"line":55,"column":51}},"5":{"start":{"line":57,"column":0},"end":{"line":57,"column":22}}},"fnMap":{},"branchMap":{},"s":{"0":8,"1":8,"2":8,"3":8,"4":8,"5":8},"f":{},"b":{}}
,"C:\\Users\\abhishrlnu\\Downloads\\nodejs assignment\\grocery-management\\src\\routes\\userRoutes.ts": {"path":"C:\\Users\\abhishrlnu\\Downloads\\nodejs assignment\\grocery-management\\src\\routes\\userRoutes.ts","statementMap":{"0":{"start":{"line":1,"column":0},"end":{"line":1,"column":33}},"1":{"start":{"line":2,"column":0},"end":{"line":2,"column":59}},"2":{"start":{"line":3,"column":0},"end":{"line":3,"column":64}},"3":{"start":{"line":5,"column":15},"end":{"line":5,"column":23}},"4":{"start":{"line":50,"column":0},"end":{"line":50,"column":52}},"5":{"start":{"line":52,"column":0},"end":{"line":52,"column":22}}},"fnMap":{},"branchMap":{},"s":{"0":8,"1":8,"2":8,"3":8,"4":8,"5":8},"f":{},"b":{}}
,"C:\\Users\\abhishrlnu\\Downloads\\nodejs assignment\\grocery-management\\src\\tests\\setup.ts": {"path":"C:\\Users\\abhishrlnu\\Downloads\\nodejs assignment\\grocery-management\\src\\tests\\setup.ts","statementMap":{"0":{"start":{"line":1,"column":0},"end":{"line":1,"column":32}},"1":{"start":{"line":2,"column":0},"end":{"line":2,"column":25}},"2":{"start":{"line":4,"column":28},"end":{"line":32,"column":1}},"3":{"start":{"line":5,"column":15},"end":{"line":12,"column":4}},"4":{"start":{"line":15,"column":16},"end":{"line":18,"column":4}},"5":{"start":{"line":20,"column":2},"end":{"line":22,"column":3}},"6":{"start":{"line":21,"column":4},"end":{"line":21,"column":28}},"7":{"start":{"line":25,"column":2},"end":{"line":25,"column":57}},"8":{"start":{"line":26,"column":14},"end":{"line":29,"column":4}},"9":{"start":{"line":31,"column":2},"end":{"line":31,"column":24}},"10":{"start":{"line":4,"column":13},"end":{"line":4,"column":28}}},"fnMap":{"0":{"name":"(anonymous_1)","decl":{"start":{"line":4,"column":28},"end":{"line":4,"column":33}},"loc":{"start":{"line":4,"column":39},"end":{"line":32,"column":1}}}},"branchMap":{"0":{"loc":{"start":{"line":20,"column":2},"end":{"line":22,"column":3}},"type":"if","locations":[{"start":{"line":20,"column":2},"end":{"line":22,"column":3}}]}},"s":{"0":7,"1":7,"2":7,"3":7,"4":7,"5":7,"6":7,"7":0,"8":0,"9":0,"10":7},"f":{"0":7},"b":{"0":[7]}}
,"C:\\Users\\abhishrlnu\\Downloads\\nodejs assignment\\grocery-management\\src\\utils\\hash.ts": {"path":"C:\\Users\\abhishrlnu\\Downloads\\nodejs assignment\\grocery-management\\src\\utils\\hash.ts","statementMap":{"0":{"start":{"line":3,"column":0},"end":{"line":3,"column":7}},"1":{"start":{"line":7,"column":0},"end":{"line":7,"column":7}},"2":{"start":{"line":1,"column":0},"end":{"line":1,"column":30}},"3":{"start":{"line":4,"column":2},"end":{"line":4,"column":41}},"4":{"start":{"line":8,"column":2},"end":{"line":8,"column":41}}},"fnMap":{"0":{"name":"hashPassword","decl":{"start":{"line":3,"column":22},"end":{"line":3,"column":34}},"loc":{"start":{"line":3,"column":51},"end":{"line":5,"column":1}}},"1":{"name":"comparePassword","decl":{"start":{"line":7,"column":22},"end":{"line":7,"column":37}},"loc":{"start":{"line":7,"column":63},"end":{"line":9,"column":1}}}},"branchMap":{},"s":{"0":8,"1":8,"2":8,"3":1,"4":8},"f":{"0":1,"1":8},"b":{}}
,"C:\\Users\\abhishrlnu\\Downloads\\nodejs assignment\\grocery-management\\src\\utils\\jwt.ts": {"path":"C:\\Users\\abhishrlnu\\Downloads\\nodejs assignment\\grocery-management\\src\\utils\\jwt.ts","statementMap":{"0":{"start":{"line":5,"column":0},"end":{"line":5,"column":16}},"1":{"start":{"line":9,"column":0},"end":{"line":9,"column":16}},"2":{"start":{"line":1,"column":0},"end":{"line":1,"column":31}},"3":{"start":{"line":3,"column":19},"end":{"line":3,"column":58}},"4":{"start":{"line":6,"column":2},"end":{"line":6,"column":60}},"5":{"start":{"line":10,"column":2},"end":{"line":10,"column":39}}},"fnMap":{"0":{"name":"generateToken","decl":{"start":{"line":5,"column":16},"end":{"line":5,"column":29}},"loc":{"start":{"line":5,"column":45},"end":{"line":7,"column":1}}},"1":{"name":"verifyToken","decl":{"start":{"line":9,"column":16},"end":{"line":9,"column":27}},"loc":{"start":{"line":9,"column":41},"end":{"line":11,"column":1}}}},"branchMap":{"0":{"loc":{"start":{"line":3,"column":19},"end":{"line":3,"column":58}},"type":"binary-expr","locations":[{"start":{"line":3,"column":19},"end":{"line":3,"column":41}},{"start":{"line":3,"column":45},"end":{"line":3,"column":58}}]}},"s":{"0":8,"1":8,"2":8,"3":8,"4":8,"5":19},"f":{"0":8,"1":19},"b":{"0":[8,0]}}
,"C:\\Users\\abhishrlnu\\Downloads\\nodejs assignment\\grocery-management\\src\\validators\\authValidator.ts": {"path":"C:\\Users\\abhishrlnu\\Downloads\\nodejs assignment\\grocery-management\\src\\validators\\authValidator.ts","statementMap":{"0":{"start":{"line":1,"column":0},"end":{"line":1,"column":22}},"1":{"start":{"line":3,"column":13},"end":{"line":10,"column":3}},"2":{"start":{"line":12,"column":13},"end":{"line":15,"column":3}}},"fnMap":{},"branchMap":{},"s":{"0":8,"1":8,"2":8},"f":{},"b":{}}
,"C:\\Users\\abhishrlnu\\Downloads\\nodejs assignment\\grocery-management\\src\\validators\\inventoryValidator.ts": {"path":"C:\\Users\\abhishrlnu\\Downloads\\nodejs assignment\\grocery-management\\src\\validators\\inventoryValidator.ts","statementMap":{"0":{"start":{"line":1,"column":0},"end":{"line":1,"column":22}},"1":{"start":{"line":3,"column":13},"end":{"line":11,"column":3}}},"fnMap":{},"branchMap":{},"s":{"0":8,"1":8},"f":{},"b":{}}
,"C:\\Users\\abhishrlnu\\Downloads\\nodejs assignment\\grocery-management\\src\\validators\\taskValidator.ts": {"path":"C:\\Users\\abhishrlnu\\Downloads\\nodejs assignment\\grocery-management\\src\\validators\\taskValidator.ts","statementMap":{"0":{"start":{"line":1,"column":0},"end":{"line":1,"column":22}},"1":{"start":{"line":3,"column":13},"end":{"line":10,"column":3}}},"fnMap":{},"branchMap":{},"s":{"0":8,"1":8},"f":{},"b":{}}
}
