TN:
SF:src\app.ts
FN:21,(anonymous_1)
FNF:1
FNH:1
FNDA:32,(anonymous_1)
DA:1,8
DA:2,8
DA:3,8
DA:4,8
DA:5,8
DA:6,8
DA:7,8
DA:8,8
DA:9,8
DA:10,8
DA:11,8
DA:12,8
DA:13,8
DA:15,8
DA:17,8
DA:19,8
DA:20,8
DA:22,32
DA:23,32
DA:25,0
DA:31,8
DA:32,8
DA:34,8
DA:35,8
DA:36,8
DA:37,8
DA:38,8
DA:39,8
DA:40,8
DA:41,8
DA:43,8
DA:45,8
LF:32
LH:31
BRDA:17,0,0,8
BRDA:17,0,1,0
BRDA:22,1,0,32
BRDA:22,1,1,0
BRDA:22,2,0,32
BRDA:22,2,1,0
BRF:6
BRH:3
end_of_record
TN:
SF:src\swagger.ts
FN:38,setupSwagger
FNF:1
FNH:1
FNDA:8,setupSwagger
DA:1,8
DA:2,8
DA:5,8
DA:36,8
DA:38,8
DA:39,8
LF:6
LH:6
BRF:0
BRH:0
end_of_record
TN:
SF:src\controllers\advancedDashboardController.ts
FN:8,(anonymous_0)
FN:15,(anonymous_1)
FN:20,(anonymous_2)
FN:32,(anonymous_3)
FN:41,(anonymous_4)
FN:43,(anonymous_5)
FN:55,(anonymous_6)
FN:78,(anonymous_7)
FN:88,(anonymous_8)
FN:109,(anonymous_9)
FN:116,(anonymous_10)
FNF:11
FNH:11
FNDA:1,(anonymous_0)
FNDA:6,(anonymous_1)
FNDA:6,(anonymous_2)
FNDA:1,(anonymous_3)
FNDA:5,(anonymous_4)
FNDA:5,(anonymous_5)
FNDA:1,(anonymous_6)
FNDA:1,(anonymous_7)
FNDA:5,(anonymous_8)
FNDA:1,(anonymous_9)
FNDA:6,(anonymous_10)
DA:2,8
DA:3,8
DA:5,8
DA:8,8
DA:9,1
DA:10,1
DA:14,1
DA:15,1
DA:16,6
DA:17,6
DA:20,6
DA:25,1
DA:27,0
DA:32,8
DA:33,1
DA:34,1
DA:41,1
DA:42,5
DA:43,5
DA:44,5
DA:45,5
DA:48,1
DA:50,0
DA:55,8
DA:56,1
DA:57,1
DA:58,1
DA:65,1
DA:73,0
DA:78,8
DA:79,1
DA:80,1
DA:87,1
DA:89,5
DA:94,5
DA:102,1
DA:104,0
DA:109,8
DA:110,1
DA:111,1
DA:113,1
DA:114,1
DA:116,1
DA:117,6
DA:118,6
DA:121,1
DA:130,0
LF:47
LH:42
BRDA:17,0,0,6
BRDA:17,0,1,6
BRDA:43,1,0,5
BRDA:43,1,1,1
BRDA:44,2,0,5
BRDA:44,2,1,5
BRDA:95,3,0,5
BRDA:95,3,1,0
BRDA:96,4,0,5
BRDA:96,4,1,0
BRF:10
BRH:8
end_of_record
TN:
SF:src\controllers\authController.ts
FN:10,(anonymous_1)
FN:16,(anonymous_2)
FN:41,(anonymous_3)
FN:47,(anonymous_4)
FN:64,(anonymous_5)
FNF:5
FNH:2
FNDA:1,(anonymous_1)
FNDA:0,(anonymous_2)
FNDA:8,(anonymous_3)
FNDA:0,(anonymous_4)
FNDA:0,(anonymous_5)
DA:1,8
DA:3,8
DA:4,8
DA:5,8
DA:6,8
DA:8,8
DA:10,8
DA:11,1
DA:12,1
DA:13,1
DA:14,0
DA:16,0
DA:19,1
DA:20,1
DA:22,1
DA:33,0
DA:35,0
DA:37,1
DA:41,8
DA:42,8
DA:43,8
DA:44,8
DA:45,0
DA:47,0
DA:49,8
DA:50,8
DA:52,8
DA:53,0
DA:56,8
DA:58,8
DA:60,0
DA:64,8
DA:65,0
DA:66,0
DA:68,0
DA:69,0
DA:70,0
DA:72,0
DA:80,0
LF:39
LH:24
BRDA:13,0,0,0
BRDA:44,1,0,0
BRDA:52,2,0,0
BRDA:52,3,0,8
BRDA:52,3,1,8
BRDA:68,4,0,0
BRF:6
BRH:2
end_of_record
TN:
SF:src\controllers\blogController.ts
FN:6,(anonymous_0)
FN:24,(anonymous_1)
FNF:2
FNH:2
FNDA:1,(anonymous_0)
FNDA:1,(anonymous_1)
DA:2,8
DA:4,8
DA:6,8
DA:7,1
DA:9,1
DA:11,1
DA:12,1
DA:18,1
DA:20,0
DA:24,8
DA:25,1
DA:27,1
DA:28,1
DA:32,1
DA:34,1
DA:36,1
LF:16
LH:15
BRDA:7,0,0,0
BRDA:7,1,0,0
BRDA:32,2,0,1
BRF:3
BRH:1
end_of_record
TN:
SF:src\controllers\dashboardController.ts
FN:8,(anonymous_0)
FN:81,(anonymous_1)
FN:114,(anonymous_2)
FNF:3
FNH:3
FNDA:1,(anonymous_0)
FNDA:1,(anonymous_1)
FNDA:1,(anonymous_2)
DA:1,8
DA:3,8
DA:5,8
DA:8,8
DA:9,1
DA:10,1
DA:12,1
DA:15,1
DA:16,0
DA:18,0
DA:19,0
DA:21,0
DA:22,0
DA:23,0
DA:25,0
DA:26,0
DA:27,0
DA:29,0
DA:30,0
DA:31,0
DA:33,0
DA:34,0
DA:35,0
DA:37,0
DA:41,1
DA:42,0
DA:45,1
DA:52,1
DA:59,1
DA:66,1
DA:76,0
DA:81,8
DA:82,1
DA:83,1
DA:84,1
DA:87,1
DA:90,1
DA:93,1
DA:97,1
DA:108,0
DA:114,8
DA:115,1
DA:116,1
DA:128,1
DA:135,0
LF:45
LH:25
BRDA:15,0,0,0
BRDA:15,1,0,1
BRDA:15,1,1,0
BRDA:15,1,2,0
BRDA:16,2,0,0
BRDA:16,2,1,0
BRDA:16,2,2,0
BRDA:16,2,3,0
BRDA:16,2,4,0
BRDA:16,2,5,0
BRDA:41,3,0,0
BRDA:41,4,0,1
BRDA:41,4,1,1
BRF:13
BRH:3
end_of_record
TN:
SF:src\controllers\inventoryController.ts
FN:8,(anonymous_0)
FN:12,(anonymous_1)
FN:47,(anonymous_2)
FN:81,(anonymous_3)
FN:105,(anonymous_4)
FN:148,(anonymous_5)
FNF:6
FNH:6
FNDA:1,(anonymous_0)
FNDA:1,(anonymous_1)
FNDA:1,(anonymous_2)
FNDA:1,(anonymous_3)
FNDA:1,(anonymous_4)
FNDA:1,(anonymous_5)
DA:2,8
DA:3,8
DA:4,8
DA:6,8
DA:8,8
DA:9,1
DA:10,1
DA:11,1
DA:12,1
DA:15,1
DA:18,1
DA:30,0
DA:41,0
DA:43,1
DA:47,8
DA:48,1
DA:49,1
DA:50,1
DA:52,1
DA:65,1
DA:74,0
DA:81,8
DA:82,1
DA:83,1
DA:84,1
DA:85,1
DA:89,1
DA:98,0
DA:105,8
DA:106,1
DA:108,1
DA:109,1
DA:113,1
DA:115,1
DA:116,6
DA:118,6
DA:120,0
DA:124,0
DA:126,0
DA:127,0
DA:130,6
DA:131,6
DA:134,6
DA:137,1
DA:144,0
DA:148,8
DA:149,1
DA:150,1
DA:162,1
DA:169,0
LF:50
LH:40
BRDA:11,0,0,1
BRDA:49,1,0,1
BRDA:49,1,1,0
BRDA:50,2,0,1
BRDA:50,2,1,0
BRDA:106,3,0,1
BRDA:106,3,1,0
BRDA:118,4,0,0
BRDA:118,4,1,0
BRDA:118,4,2,6
BRDA:118,4,3,6
BRDA:134,5,0,6
BRDA:134,5,1,6
BRF:13
BRH:8
end_of_record
TN:
SF:src\controllers\shipmentController.ts
FN:6,(anonymous_0)
FN:24,(anonymous_1)
FNF:2
FNH:2
FNDA:1,(anonymous_0)
FNDA:5,(anonymous_1)
DA:2,8
DA:4,8
DA:6,8
DA:7,1
DA:9,1
DA:10,1
DA:11,1
DA:13,1
DA:14,1
DA:24,5
DA:40,1
DA:42,0
LF:12
LH:11
BRDA:7,0,0,0
BRDA:7,1,0,0
BRDA:7,2,0,1
BRDA:15,3,0,0
BRDA:15,3,1,1
BRF:5
BRH:2
end_of_record
TN:
SF:src\controllers\taskController.ts
FN:8,(anonymous_0)
FN:12,(anonymous_1)
FNF:2
FNH:1
FNDA:1,(anonymous_0)
FNDA:0,(anonymous_1)
DA:2,8
DA:4,8
DA:6,8
DA:8,8
DA:9,1
DA:10,1
DA:11,1
DA:12,0
DA:21,1
DA:23,1
DA:35,1
DA:43,0
LF:12
LH:10
BRDA:11,0,0,0
BRF:1
BRH:0
end_of_record
TN:
SF:src\controllers\userController.ts
FN:7,(anonymous_0)
FNF:1
FNH:1
FNDA:1,(anonymous_0)
DA:2,8
DA:5,8
DA:7,8
DA:8,1
DA:9,1
DA:21,1
DA:23,1
DA:29,0
LF:8
LH:7
BRDA:21,0,0,0
BRF:1
BRH:0
end_of_record
TN:
SF:src\middlewares\authMiddleware.ts
FN:10,(anonymous_0)
FNF:1
FNH:1
FNDA:23,(anonymous_0)
DA:2,8
DA:3,8
DA:5,8
DA:10,8
DA:11,23
DA:13,23
DA:14,4
DA:17,23
DA:19,20
DA:20,19
DA:22,19
DA:23,19
DA:24,18
DA:25,18
DA:27,1
LF:15
LH:15
BRDA:13,0,0,4
BRDA:13,1,0,23
BRDA:13,1,1,20
BRDA:20,2,0,0
BRF:4
BRH:3
end_of_record
TN:
SF:src\routes\advancedDashboardRoutes.ts
FNF:0
FNH:0
DA:1,8
DA:2,8
DA:3,8
DA:11,8
DA:32,8
DA:46,8
DA:60,8
DA:74,8
DA:88,8
DA:90,8
LF:10
LH:10
BRF:0
BRH:0
end_of_record
TN:
SF:src\routes\authRoutes.ts
FNF:0
FNH:0
DA:1,8
DA:2,8
DA:4,8
DA:47,8
DA:73,8
DA:87,8
DA:89,8
LF:7
LH:7
BRF:0
BRH:0
end_of_record
TN:
SF:src\routes\blogRoutes.ts
FNF:0
FNH:0
DA:1,8
DA:2,8
DA:3,8
DA:5,8
DA:39,8
DA:62,8
DA:64,8
LF:7
LH:7
BRF:0
BRH:0
end_of_record
TN:
SF:src\routes\dashboardRoutes.ts
FNF:0
FNH:0
DA:1,8
DA:2,8
DA:3,8
DA:9,8
DA:46,8
DA:60,8
DA:74,8
DA:76,8
LF:8
LH:8
BRF:0
BRH:0
end_of_record
TN:
SF:src\routes\inventoryRoutes.ts
FNF:0
FNH:0
DA:1,8
DA:2,8
DA:3,8
DA:11,8
DA:60,8
DA:90,8
DA:104,8
DA:125,8
DA:139,8
DA:141,8
LF:10
LH:10
BRF:0
BRH:0
end_of_record
TN:
SF:src\routes\shipmentRoutes.ts
FNF:0
FNH:0
DA:1,8
DA:2,8
DA:3,8
DA:5,8
DA:46,8
DA:48,8
LF:6
LH:6
BRF:0
BRH:0
end_of_record
TN:
SF:src\routes\taskRoutes.ts
FNF:0
FNH:0
DA:1,8
DA:2,8
DA:3,8
DA:5,8
DA:55,8
DA:57,8
LF:6
LH:6
BRF:0
BRH:0
end_of_record
TN:
SF:src\routes\userRoutes.ts
FNF:0
FNH:0
DA:1,8
DA:2,8
DA:3,8
DA:5,8
DA:50,8
DA:52,8
LF:6
LH:6
BRF:0
BRH:0
end_of_record
TN:
SF:src\tests\setup.ts
FN:4,(anonymous_1)
FNF:1
FNH:1
FNDA:7,(anonymous_1)
DA:1,7
DA:2,7
DA:4,7
DA:5,7
DA:15,7
DA:20,7
DA:21,7
DA:25,0
DA:26,0
DA:31,0
LF:10
LH:7
BRDA:20,0,0,7
BRF:1
BRH:1
end_of_record
TN:
SF:src\utils\hash.ts
FN:3,hashPassword
FN:7,comparePassword
FNF:2
FNH:2
FNDA:1,hashPassword
FNDA:8,comparePassword
DA:1,8
DA:3,8
DA:4,1
DA:7,8
DA:8,8
LF:5
LH:5
BRF:0
BRH:0
end_of_record
TN:
SF:src\utils\jwt.ts
FN:5,generateToken
FN:9,verifyToken
FNF:2
FNH:2
FNDA:8,generateToken
FNDA:19,verifyToken
DA:1,8
DA:3,8
DA:5,8
DA:6,8
DA:9,8
DA:10,19
LF:6
LH:6
BRDA:3,0,0,8
BRDA:3,0,1,0
BRF:2
BRH:1
end_of_record
TN:
SF:src\validators\authValidator.ts
FNF:0
FNH:0
DA:1,8
DA:3,8
DA:12,8
LF:3
LH:3
BRF:0
BRH:0
end_of_record
TN:
SF:src\validators\inventoryValidator.ts
FNF:0
FNH:0
DA:1,8
DA:3,8
LF:2
LH:2
BRF:0
BRH:0
end_of_record
TN:
SF:src\validators\taskValidator.ts
FNF:0
FNH:0
DA:1,8
DA:3,8
LF:2
LH:2
BRF:0
BRH:0
end_of_record
